<?xml version="1.0" encoding="UTF-8"?>
<testng-results total="1" passed="1" failed="0" skipped="0">
  <reporter-output>
  </reporter-output>
  <suite started-at="2023-01-06T06:27:35Z" name="Default suite" finished-at="2023-01-06T06:27:59Z" duration-ms="24740">
    <groups>
    </groups>
    <test started-at="2023-01-06T06:27:35Z" name="Default test" finished-at="2023-01-06T06:27:59Z" duration-ms="24740">
      <class name="Com.Adactin.testscripts.TC_001">
        <test-method signature="tc001()[pri:0, instance:Com.Adactin.testscripts.TC_001@742ff096]" started-at="2023-01-06T11:57:35Z" name="tc001" finished-at="2023-01-06T11:57:59Z" duration-ms="24707" status="PASS">
          <reporter-output>
          </reporter-output>
        </test-method> <!-- tc001 -->
      </class> <!-- Com.Adactin.testscripts.TC_001 -->
    </test> <!-- Default test -->
  </suite> <!-- Default suite -->
</testng-results>
